<?xml version="1.0" encoding="UTF-8"?>
<testsuite xmlns:xsi="http://www.w3.org/2001/XMLSchema-instance" xsi:noNamespaceSchemaLocation="https://maven.apache.org/surefire/maven-surefire-plugin/xsd/surefire-test-report-3.0.xsd" version="3.0" name="org.carluselectum.ecommerce.service.payment.PaymentFactoryTest" time="0.01" tests="11" errors="0" skipped="0" failures="0">
  <properties>
[...]
</properties>
  <testcase name="testCreditCardProcessor_Process_ReturnsTrue" classname="org.carluselectum.ecommerce.service.payment.PaymentFactoryTest" time="0.001">
    <system-out><![CDATA[
[ CREDIT CARD ] Processing transaction via Gateway...
Payment of 250.00 EUR approved by the bank.
]]></system-out>
  </testcase>
  <testcase name="testPaypalProcessor_Process_ReturnsTrue" classname="org.carluselectum.ecommerce.service.payment.PaymentFactoryTest" time="0.001">
    <system-out><![CDATA[
[ PAYPAL ] Connecting to PayPal API...
Successfully authorized payment of 100.00 EUR.
]]></system-out>
  </testcase>
  <testcase name="testCreatePaypal_NotNull" classname="org.carluselectum.ecommerce.service.payment.PaymentFactoryTest" time="0.0"/>
  <testcase name="testCreditCard_ImplementsProcessorInterface" classname="org.carluselectum.ecommerce.service.payment.PaymentFactoryTest" time="0.0"/>
  <testcase name="testPaypal_ImplementsProcessorInterface" classname="org.carluselectum.ecommerce.service.payment.PaymentFactoryTest" time="0.002"/>
  <testcase name="testInvalidID_OutOfRange_ThrowsException" classname="org.carluselectum.ecommerce.service.payment.PaymentFactoryTest" time="0.001"/>
  <testcase name="testCreateCreditCard_CorrectType" classname="org.carluselectum.ecommerce.service.payment.PaymentFactoryTest" time="0.0"/>
  <testcase name="testInvalidID_Zero_ThrowsException" classname="org.carluselectum.ecommerce.service.payment.PaymentFactoryTest" time="0.001"/>
  <testcase name="testInvalidID_Negative_ThrowsException" classname="org.carluselectum.ecommerce.service.payment.PaymentFactoryTest" time="0.001"/>
  <testcase name="testCreatePaypal_CorrectType" classname="org.carluselectum.ecommerce.service.payment.PaymentFactoryTest" time="0.0"/>
  <testcase name="testCreateCreditCard_NotNull" classname="org.carluselectum.ecommerce.service.payment.PaymentFactoryTest" time="0.002"/>
</testsuite>